2026/06/26 22:32:22 Started Launch Tool 2.0.7
2026/06/26 22:32:22 Started as PID 16772
2026/06/26 22:32:22 Started with arguments []string{"C:\\Users\\KevinXu\\Infineon\\Tools\\MCU-Config-Wizard\\2.7.6.202506301149\\resources\\launch-tool.exe", "C:\\Users\\KevinXu\\Documents\\keil_uvision_projects\\TLE_test_programs\\RTE\\Device\\TLE9855QX\\config.icwp", "-ddevice=TLE9855QX"}
2026/06/26 22:32:22 Started in directory C:\Users\KevinXu\Documents\keil_uvision_projects\TLE_test_programs
2026/06/26 22:32:22 Reading tool data
2026/06/26 22:32:22 Reading "C:\\Users\\KevinXu\\Infineon\\Tools\\MCU-Config-Wizard\\2.7.6.202506301149\\resources\\tool-details.json"
2026/06/26 22:32:22 Validating tool data
2026/06/26 22:32:22 Starting tool &main.Tool{FeatureID:"com.ifx.tb.tool.ifxconfigwizardforembeddedpowerics", Title:"Infineon MCU Configuration Wizard", Version:"2.7.6.202506301149", Path:"C:\\Users\\KevinXu\\Infineon\\Tools\\MCU-Config-Wizard\\2.7.6.202506301149\\/ConfigWizard.exe"}
2026/06/26 22:32:22 Starting "C:\\Users\\KevinXu\\Infineon\\Tools\\MCU-Config-Wizard\\2.7.6.202506301149\\/ConfigWizard.exe" with arguments []string{"C:\\Users\\KevinXu\\Documents\\keil_uvision_projects\\TLE_test_programs\\RTE\\Device\\TLE9855QX\\config.icwp", "-ddevice=TLE9855QX"}
2026/06/26 22:32:22 Starting "C:\\Users\\KevinXu\\Infineon\\Tools\\MCU-Config-Wizard\\2.7.6.202506301149\\/ConfigWizard.exe" in directory "C:\\Users\\KevinXu\\Infineon\\Tools\\MCU-Config-Wizard\\2.7.6.202506301149"
2026/06/26 22:32:22 Started "C:\\Users\\KevinXu\\Infineon\\Tools\\MCU-Config-Wizard\\2.7.6.202506301149\\/ConfigWizard.exe" as PID 17868
2026/06/26 22:32:22 Starting Launcher Service
2026/06/26 22:32:22 Starting "C:\\Users\\KevinXu\\Infineon\\LauncherService\\idc-launcher-service.exe" with arguments []string{"-featureid", "com.ifx.tb.tool.ifxconfigwizardforembeddedpowerics:2.7.6.202506301149", "-notification", "-toolbox.service", "checkUpdate com.ifx.tb.tool.ifxconfigwizardforembeddedpowerics"}
2026/06/26 22:32:22 Starting "C:\\Users\\KevinXu\\Infineon\\LauncherService\\idc-launcher-service.exe" in directory "C:\\Users\\KevinXu\\Infineon\\LauncherService"
2026/06/26 22:32:22 Started "C:\\Users\\KevinXu\\Infineon\\LauncherService\\idc-launcher-service.exe" as PID 13240
2026/06/26 22:33:39 Started Launch Tool 2.0.7
2026/06/26 22:33:39 Started as PID 14364
2026/06/26 22:33:39 Started with arguments []string{"C:\\Users\\KevinXu\\Infineon\\Tools\\MCU-Config-Wizard\\2.7.6.202506301149\\resources\\launch-tool.exe", "C:\\Users\\KevinXu\\Documents\\keil_uvision_projects\\TLE_test_programs\\RTE\\Device\\TLE9855QX\\config.icwp", "-ddevice=TLE9855QX"}
2026/06/26 22:33:39 Started in directory C:\Users\KevinXu\Documents\keil_uvision_projects\TLE_test_programs
2026/06/26 22:33:39 Reading tool data
2026/06/26 22:33:39 Reading "C:\\Users\\KevinXu\\Infineon\\Tools\\MCU-Config-Wizard\\2.7.6.202506301149\\resources\\tool-details.json"
2026/06/26 22:33:39 Validating tool data
2026/06/26 22:33:39 Starting tool &main.Tool{FeatureID:"com.ifx.tb.tool.ifxconfigwizardforembeddedpowerics", Title:"Infineon MCU Configuration Wizard", Version:"2.7.6.202506301149", Path:"C:\\Users\\KevinXu\\Infineon\\Tools\\MCU-Config-Wizard\\2.7.6.202506301149\\/ConfigWizard.exe"}
2026/06/26 22:33:39 Starting "C:\\Users\\KevinXu\\Infineon\\Tools\\MCU-Config-Wizard\\2.7.6.202506301149\\/ConfigWizard.exe" with arguments []string{"C:\\Users\\KevinXu\\Documents\\keil_uvision_projects\\TLE_test_programs\\RTE\\Device\\TLE9855QX\\config.icwp", "-ddevice=TLE9855QX"}
2026/06/26 22:33:39 Starting "C:\\Users\\KevinXu\\Infineon\\Tools\\MCU-Config-Wizard\\2.7.6.202506301149\\/ConfigWizard.exe" in directory "C:\\Users\\KevinXu\\Infineon\\Tools\\MCU-Config-Wizard\\2.7.6.202506301149"
2026/06/26 22:33:39 Started "C:\\Users\\KevinXu\\Infineon\\Tools\\MCU-Config-Wizard\\2.7.6.202506301149\\/ConfigWizard.exe" as PID 2292
2026/06/26 22:33:39 Starting Launcher Service
2026/06/26 22:33:39 Starting "C:\\Users\\KevinXu\\Infineon\\LauncherService\\idc-launcher-service.exe" with arguments []string{"-featureid", "com.ifx.tb.tool.ifxconfigwizardforembeddedpowerics:2.7.6.202506301149", "-notification", "-toolbox.service", "checkUpdate com.ifx.tb.tool.ifxconfigwizardforembeddedpowerics"}
2026/06/26 22:33:39 Starting "C:\\Users\\KevinXu\\Infineon\\LauncherService\\idc-launcher-service.exe" in directory "C:\\Users\\KevinXu\\Infineon\\LauncherService"
2026/06/26 22:33:39 Started "C:\\Users\\KevinXu\\Infineon\\LauncherService\\idc-launcher-service.exe" as PID 13660
2026/06/26 22:40:42 Started Launch Tool 2.0.7
2026/06/26 22:40:42 Started as PID 12392
2026/06/26 22:40:42 Started with arguments []string{"C:\\Users\\KevinXu\\Infineon\\Tools\\MCU-Config-Wizard\\2.7.6.202506301149\\resources\\launch-tool.exe", "C:\\Users\\KevinXu\\Documents\\keil_uvision_projects\\TLE_test_programs\\keil\\RTE\\Device\\TLE9855QX\\config.icwp", "-ddevice=TLE9855QX"}
2026/06/26 22:40:42 Started in directory C:\Users\KevinXu\Documents\keil_uvision_projects\TLE_test_programs
2026/06/26 22:40:42 Reading tool data
2026/06/26 22:40:42 Reading "C:\\Users\\KevinXu\\Infineon\\Tools\\MCU-Config-Wizard\\2.7.6.202506301149\\resources\\tool-details.json"
2026/06/26 22:40:42 Validating tool data
2026/06/26 22:40:42 Starting tool &main.Tool{FeatureID:"com.ifx.tb.tool.ifxconfigwizardforembeddedpowerics", Title:"Infineon MCU Configuration Wizard", Version:"2.7.6.202506301149", Path:"C:\\Users\\KevinXu\\Infineon\\Tools\\MCU-Config-Wizard\\2.7.6.202506301149\\/ConfigWizard.exe"}
2026/06/26 22:40:42 Starting "C:\\Users\\KevinXu\\Infineon\\Tools\\MCU-Config-Wizard\\2.7.6.202506301149\\/ConfigWizard.exe" with arguments []string{"C:\\Users\\KevinXu\\Documents\\keil_uvision_projects\\TLE_test_programs\\keil\\RTE\\Device\\TLE9855QX\\config.icwp", "-ddevice=TLE9855QX"}
2026/06/26 22:40:42 Starting "C:\\Users\\KevinXu\\Infineon\\Tools\\MCU-Config-Wizard\\2.7.6.202506301149\\/ConfigWizard.exe" in directory "C:\\Users\\KevinXu\\Infineon\\Tools\\MCU-Config-Wizard\\2.7.6.202506301149"
2026/06/26 22:40:42 Started "C:\\Users\\KevinXu\\Infineon\\Tools\\MCU-Config-Wizard\\2.7.6.202506301149\\/ConfigWizard.exe" as PID 10844
2026/06/26 22:40:42 Starting Launcher Service
2026/06/26 22:40:42 Starting "C:\\Users\\KevinXu\\Infineon\\LauncherService\\idc-launcher-service.exe" with arguments []string{"-featureid", "com.ifx.tb.tool.ifxconfigwizardforembeddedpowerics:2.7.6.202506301149", "-notification", "-toolbox.service", "checkUpdate com.ifx.tb.tool.ifxconfigwizardforembeddedpowerics"}
2026/06/26 22:40:42 Starting "C:\\Users\\KevinXu\\Infineon\\LauncherService\\idc-launcher-service.exe" in directory "C:\\Users\\KevinXu\\Infineon\\LauncherService"
2026/06/26 22:40:42 Started "C:\\Users\\KevinXu\\Infineon\\LauncherService\\idc-launcher-service.exe" as PID 6052
